<?xml version="1.0" encoding="UTF-8"?>
<!-- Generated by org.testng.reporters.JUnitXMLReporter -->
<testsuite hostname="Tatsianas-MacBook-Air.local" ignored="0" name="Default test" tests="7" failures="0" timestamp="13 Nov 2017 21:00:29 GMT" time="42.42" errors="0">
  <testcase name="loginToMailRu" time="1.155" classname="com.epam.ftm.selenium.part3.chrome.MailRuTestChrome"/>
  <testcase name="createLetter" time="25.872" classname="com.epam.ftm.selenium.part3.chrome.MailRuTestChrome"/>
  <testcase name="saveDraft" time="1.413" classname="com.epam.ftm.selenium.part3.chrome.MailRuTestChrome"/>
  <testcase name="draftExist" time="1.858" classname="com.epam.ftm.selenium.part3.chrome.MailRuTestChrome"/>
  <testcase name="verifyContent" time="2.624" classname="com.epam.ftm.selenium.part3.chrome.MailRuTestChrome"/>
  <testcase name="verifyMessageSent" time="0.204" classname="com.epam.ftm.selenium.part3.chrome.MailRuTestChrome"/>
  <testcase name="signOut" time="2.83" classname="com.epam.ftm.selenium.part3.chrome.MailRuTestChrome"/>
</testsuite> <!-- Default test -->
